<?xml version="1.0" encoding="UTF-8"?>
<!-- Generated by org.testng.reporters.JUnitReportReporter -->
<testsuite hostname="IBM-PF41KPAC" failures="0" tests="10" name="swagLabs.YourCart" time="3.823" errors="1" timestamp="07 Nov 2024 18:15:31 GMT" skipped="9">
  <testcase classname="swagLabs.YourCart" name="yourCart1" time="0.000">
    <skipped/>
  </testcase> <!-- yourCart1 -->
  <testcase classname="swagLabs.YourCart" name="precondition" time="3.822">
    <error message="Cannot find firefox binary in PATH. Make sure firefox is installed. OS appears to be: XP
Build info: version: &#039;3.141.59&#039;, revision: &#039;e82be7d358&#039;, time: &#039;2018-11-14T08:17:03&#039;
System info: host: &#039;IBM-PF41KPAC&#039;, ip: &#039;192.168.29.104&#039;, os.name: &#039;Windows 11&#039;, os.arch: &#039;amd64&#039;, os.version: &#039;10.0&#039;, java.version: &#039;17.0.10&#039;
Driver info: driver.version: FirefoxDriver" type="org.openqa.selenium.WebDriverException">
      <![CDATA[org.openqa.selenium.WebDriverException: Cannot find firefox binary in PATH. Make sure firefox is installed. OS appears to be: XP
Build info: version: '3.141.59', revision: 'e82be7d358', time: '2018-11-14T08:17:03'
System info: host: 'IBM-PF41KPAC', ip: '192.168.29.104', os.name: 'Windows 11', os.arch: 'amd64', os.version: '10.0', java.version: '17.0.10'
Driver info: driver.version: FirefoxDriver
	at org.openqa.selenium.firefox.FirefoxBinary.<init>(FirefoxBinary.java:100)
	at java.base/java.util.Optional.orElseGet(Optional.java:364)
	at org.openqa.selenium.firefox.FirefoxOptions.getBinary(FirefoxOptions.java:216)
	at org.openqa.selenium.firefox.FirefoxDriver.toExecutor(FirefoxDriver.java:187)
	at org.openqa.selenium.firefox.FirefoxDriver.<init>(FirefoxDriver.java:147)
	at org.openqa.selenium.firefox.FirefoxDriver.<init>(FirefoxDriver.java:125)
	at swagLabs.YourCart.precondition(YourCart.java:19)
	at java.base/jdk.internal.reflect.NativeMethodAccessorImpl.invoke0(Native Method)
	at java.base/jdk.internal.reflect.NativeMethodAccessorImpl.invoke(NativeMethodAccessorImpl.java:77)
	at java.base/jdk.internal.reflect.DelegatingMethodAccessorImpl.invoke(DelegatingMethodAccessorImpl.java:43)
	at java.base/java.lang.reflect.Method.invoke(Method.java:568)
	at org.testng.internal.MethodInvocationHelper.invokeMethod(MethodInvocationHelper.java:108)
	at org.testng.internal.Invoker.invokeConfigurationMethod(Invoker.java:523)
	at org.testng.internal.Invoker.invokeConfigurations(Invoker.java:224)
	at org.testng.internal.Invoker.invokeConfigurations(Invoker.java:146)
	at org.testng.TestRunner.beforeRun(TestRunner.java:626)
	at org.testng.TestRunner.run(TestRunner.java:594)
	at org.testng.SuiteRunner.runTest(SuiteRunner.java:380)
	at org.testng.SuiteRunner.runSequentially(SuiteRunner.java:375)
	at org.testng.SuiteRunner.privateRun(SuiteRunner.java:340)
	at org.testng.SuiteRunner.run(SuiteRunner.java:289)
	at org.testng.SuiteRunnerWorker.runSuite(SuiteRunnerWorker.java:52)
	at org.testng.SuiteRunnerWorker.run(SuiteRunnerWorker.java:86)
	at org.testng.TestNG.runSuitesSequentially(TestNG.java:1301)
	at org.testng.TestNG.runSuitesLocally(TestNG.java:1226)
	at org.testng.TestNG.runSuites(TestNG.java:1144)
	at org.testng.TestNG.run(TestNG.java:1115)
	at org.testng.remote.AbstractRemoteTestNG.run(AbstractRemoteTestNG.java:115)
	at org.testng.remote.RemoteTestNG.initAndRun(RemoteTestNG.java:251)
	at org.testng.remote.RemoteTestNG.main(RemoteTestNG.java:77)
]]>
    </error>
  </testcase> <!-- precondition -->
  <testcase classname="swagLabs.YourCart" name="yourCart2" time="0.000">
    <skipped/>
  </testcase> <!-- yourCart2 -->
  <testcase classname="swagLabs.YourCart" name="yourCart3" time="0.000">
    <skipped/>
  </testcase> <!-- yourCart3 -->
  <testcase classname="swagLabs.YourCart" name="yourCart4" time="0.000">
    <skipped/>
  </testcase> <!-- yourCart4 -->
  <testcase classname="swagLabs.YourCart" name="yourCart5" time="0.000">
    <skipped/>
  </testcase> <!-- yourCart5 -->
  <testcase classname="swagLabs.YourCart" name="yourCart6" time="0.000">
    <skipped/>
  </testcase> <!-- yourCart6 -->
  <testcase classname="swagLabs.YourCart" name="yourCart7" time="0.000">
    <skipped/>
  </testcase> <!-- yourCart7 -->
  <testcase classname="swagLabs.YourCart" name="yourCart8" time="0.001">
    <skipped/>
  </testcase> <!-- yourCart8 -->
  <testcase classname="swagLabs.YourCart" name="yourCart9" time="0.000">
    <skipped/>
  </testcase> <!-- yourCart9 -->
</testsuite> <!-- swagLabs.YourCart -->
